<?xml version="1.0" encoding="UTF-8"?>
<!-- Generated by org.testng.reporters.JUnitReportReporter -->
<testsuite skipped="0" hostname="DESKTOP-MFA0791" name="testCases.RegistrationPageTest" tests="3" failures="0" timestamp="2020-06-05T16:32:41 BST" time="38.598" errors="0">
  <testcase name="validateRegistrationPageTest" time="10.644" classname="testCases.RegistrationPageTest"/>
  <system-out/>
  <testcase name="validatePageTitleTest" time="8.989" classname="testCases.RegistrationPageTest"/>
  <system-out/>
  <testcase name="createRegistrationWithExcelData" time="18.965" classname="testCases.RegistrationPageTest"/>
  <system-out/>
</testsuite> <!-- testCases.RegistrationPageTest -->
