<?xml version="1.0" encoding="UTF-8"?>
<!-- Generated by org.testng.reporters.JUnitReportReporter -->
<testsuite skipped="0" hostname="DESKTOP-MFA0791" name="testCases.LoginPageTest" tests="3" failures="0" timestamp="2020-06-02T12:40:55 BST" time="29.205" errors="0">
  <testcase name="validateTitleTest" time="7.963" classname="testCases.LoginPageTest"/>
  <system-out/>
  <testcase name="validatePageTextTest" time="10.028" classname="testCases.LoginPageTest"/>
  <system-out/>
  <testcase name="validateLoginPageTest" time="11.214" classname="testCases.LoginPageTest"/>
  <system-out/>
</testsuite> <!-- testCases.LoginPageTest -->
