<?xml version="1.0" encoding="UTF-8"?>
<!-- Generated by org.testng.reporters.JUnitReportReporter -->
<testsuite skipped="0" hostname="DESKTOP-MFA0791" name="testCases.RegistrationPageTest" tests="3" failures="0" timestamp="2020-06-02T12:40:55 BST" time="35.004" errors="0">
  <testcase name="validateRegistrationPageTest" time="9.340" classname="testCases.RegistrationPageTest"/>
  <system-out/>
  <testcase name="validatePageTitleTest" time="8.727" classname="testCases.RegistrationPageTest"/>
  <system-out/>
  <testcase name="createRegistrationWithExcelData" time="16.937" classname="testCases.RegistrationPageTest"/>
  <system-out/>
</testsuite> <!-- testCases.RegistrationPageTest -->
