<?xml version="1.0" encoding="UTF-8"?>
<!-- Generated by org.testng.reporters.JUnitReportReporter -->
<testsuite skipped="0" hostname="DESKTOP-MFA0791" name="testCases.LoginPageTest" tests="3" failures="0" timestamp="2020-06-02T13:27:57 BST" time="34.067" errors="0">
  <testcase name="validateTitleTest" time="9.478" classname="testCases.LoginPageTest"/>
  <system-out/>
  <testcase name="validatePageTextTest" time="10.167" classname="testCases.LoginPageTest"/>
  <system-out/>
  <testcase name="validateLoginPageTest" time="14.422" classname="testCases.LoginPageTest"/>
  <system-out/>
</testsuite> <!-- testCases.LoginPageTest -->
