<?xml version="1.0" encoding="UTF-8"?>
<!-- Generated by org.testng.reporters.JUnitReportReporter -->
<testsuite skipped="0" hostname="DESKTOP-MFA0791" name="testCases.RegistrationPageTest" tests="3" failures="0" timestamp="2020-06-02T13:27:57 BST" time="41.943" errors="0">
  <testcase name="validateRegistrationPageTest" time="9.485" classname="testCases.RegistrationPageTest"/>
  <system-out/>
  <testcase name="validatePageTitleTest" time="12.038" classname="testCases.RegistrationPageTest"/>
  <system-out/>
  <testcase name="createRegistrationWithExcelData" time="20.420" classname="testCases.RegistrationPageTest"/>
  <system-out/>
</testsuite> <!-- testCases.RegistrationPageTest -->
